<?xml version="1.0" encoding="UTF-8"?>
<testsuite name="surface.SurfaceTest" tests="1" skipped="0" failures="0" errors="0" timestamp="2021-09-12T14:18:58" hostname="AMIR-SURFACELAP" time="0.107">
  <properties/>
  <testcase name="testInitializeSpace()" classname="surface.SurfaceTest" time="0.107"/>
  <system-out><![CDATA[]]></system-out>
  <system-err><![CDATA[]]></system-err>
</testsuite>
