<?xml version="1.0" encoding="UTF-8"?>
<testsuite name="entity.SurfaceTest" tests="3" skipped="0" failures="0" errors="0" timestamp="2021-09-11T11:41:02" hostname="AMIR-SURFACELAP" time="0.019">
  <properties/>
  <testcase name="testInitializeSpace()" classname="entity.SurfaceTest" time="0.01"/>
  <testcase name="testPlaceAndHasObject()" classname="entity.SurfaceTest" time="0.003"/>
  <testcase name="testIsValidCoordinates()" classname="entity.SurfaceTest" time="0.002"/>
  <system-out><![CDATA[]]></system-out>
  <system-err><![CDATA[]]></system-err>
</testsuite>
