<?xml version="1.0" encoding="UTF-8"?>
<testsuite name="toyrobot.ToyRobotTest" tests="1" skipped="0" failures="0" errors="0" timestamp="2021-09-12T14:18:58" hostname="AMIR-SURFACELAP" time="0.021">
  <properties/>
  <testcase name="testToyRobotUtil()" classname="toyrobot.ToyRobotTest" time="0.021"/>
  <system-out><![CDATA[If I move then I'll fall.
]]></system-out>
  <system-err><![CDATA[]]></system-err>
</testsuite>
