<?xml version="1.0" encoding="UTF-8"?>
<testsuite name="entity.ToyRobotTest" tests="1" skipped="0" failures="0" errors="0" timestamp="2021-09-11T11:41:02" hostname="AMIR-SURFACELAP" time="0.001">
  <properties/>
  <testcase name="testGetReport()" classname="entity.ToyRobotTest" time="0.001"/>
  <system-out><![CDATA[]]></system-out>
  <system-err><![CDATA[]]></system-err>
</testsuite>
